<?xml version="1.0" encoding="UTF-8"?>
<testng-results ignored="0" total="1" passed="1" failed="0" skipped="0">
  <reporter-output>
  </reporter-output>
  <suite started-at="2023-07-03T11:22:42 EET" name="Default suite" finished-at="2023-07-03T11:22:48 EET" duration-ms="6704">
    <groups>
    </groups>
    <test started-at="2023-07-03T11:22:42 EET" name="Default test" finished-at="2023-07-03T11:22:48 EET" duration-ms="6704">
      <class name="workingWithelement.DropDownList">
        <test-method is-config="true" signature="openURL()[pri:0, instance:workingWithelement.DropDownList@6bbe85a8]" started-at="2023-07-03T11:22:42 EET" name="openURL" finished-at="2023-07-03T11:22:48 EET" duration-ms="6412" status="PASS">
          <reporter-output>
          </reporter-output>
        </test-method> <!-- openURL -->
        <test-method signature="droplist()[pri:0, instance:workingWithelement.DropDownList@6bbe85a8]" started-at="2023-07-03T11:22:48 EET" name="droplist" finished-at="2023-07-03T11:22:48 EET" duration-ms="230" status="PASS">
          <reporter-output>
          </reporter-output>
        </test-method> <!-- droplist -->
      </class> <!-- workingWithelement.DropDownList -->
    </test> <!-- Default test -->
  </suite> <!-- Default suite -->
</testng-results>
